-------------------------------------------------------------------------------
Test set: SetUpClass.TestRunner
-------------------------------------------------------------------------------
Tests run: 72, Failures: 4, Errors: 4, Skipped: 16, Time elapsed: 325.919 s <<< FAILURE! - in SetUpClass.TestRunner
Then mouse hover on any of one free ppt and verify the pop-up(Scenario: pagination & Mouse Hovers on Free Magento pages test without log in)  Time elapsed: 0.006 s  <<< FAILURE!
java.lang.AssertionError: pop-up is not visible

Scenario: pagination & Mouse Hovers on Free Magento pages test without log in  Time elapsed: 0.006 s  <<< FAILURE!
java.lang.AssertionError: pop-up is not visible

Then verify the pop-up(Scenario: SLI popup test with escape key)  Time elapsed: 0.001 s  <<< FAILURE!
java.lang.AssertionError

Scenario: SLI popup test with escape key  Time elapsed: 0.001 s  <<< FAILURE!
java.lang.AssertionError

Then click on any of ppt(Scenario: SLI pagination & Mouse Hover test without log in)  Time elapsed: 0.001 s  <<< ERROR!
org.openqa.selenium.TimeoutException: Expected condition failed: waiting for element to be clickable: By.xpath: //div[@data-direct-url='https://www.slideteam.net/project-crowdfunding-process-for-start-up-company.html'] (tried for 30 second(s) with 500 milliseconds interval)
Caused by: org.openqa.selenium.NoSuchElementException: 
Cannot locate an element using By.xpath: //div[@data-direct-url='https://www.slideteam.net/project-crowdfunding-process-for-start-up-company.html']
For documentation on this error, please visit: http://seleniumhq.org/exceptions/no_such_element.html
Build info: version: '3.12.0', revision: '7c6e0b3', time: '2018-05-08T14:04:26.12Z'
System info: host: 'SLIDEQA2', ip: '192.168.1.7', os.name: 'Windows 10', os.arch: 'amd64', os.version: '10.0', java.version: '1.8.0_291'
Driver info: driver.version: unknown

Scenario: SLI pagination & Mouse Hover test without log in  Time elapsed: 0.001 s  <<< ERROR!
org.openqa.selenium.TimeoutException: Expected condition failed: waiting for element to be clickable: By.xpath: //div[@data-direct-url='https://www.slideteam.net/project-crowdfunding-process-for-start-up-company.html'] (tried for 30 second(s) with 500 milliseconds interval)
Caused by: org.openqa.selenium.NoSuchElementException: 
Cannot locate an element using By.xpath: //div[@data-direct-url='https://www.slideteam.net/project-crowdfunding-process-for-start-up-company.html']
For documentation on this error, please visit: http://seleniumhq.org/exceptions/no_such_element.html
Build info: version: '3.12.0', revision: '7c6e0b3', time: '2018-05-08T14:04:26.12Z'
System info: host: 'SLIDEQA2', ip: '192.168.1.7', os.name: 'Windows 10', os.arch: 'amd64', os.version: '10.0', java.version: '1.8.0_291'
Driver info: driver.version: unknown

Then click on any of ppti(Scenario: SLI pagination & mouse Hover test with login)  Time elapsed: 0.001 s  <<< ERROR!
org.openqa.selenium.TimeoutException: Expected condition failed: waiting for element to be clickable: By.xpath: //div[@data-direct-url='https://www.slideteam.net/programme-organization-assessment-training-programme-evaluation-information-system.html'] (tried for 30 second(s) with 500 milliseconds interval)
Caused by: org.openqa.selenium.NoSuchElementException: 
Cannot locate an element using By.xpath: //div[@data-direct-url='https://www.slideteam.net/programme-organization-assessment-training-programme-evaluation-information-system.html']
For documentation on this error, please visit: http://seleniumhq.org/exceptions/no_such_element.html
Build info: version: '3.12.0', revision: '7c6e0b3', time: '2018-05-08T14:04:26.12Z'
System info: host: 'SLIDEQA2', ip: '192.168.1.7', os.name: 'Windows 10', os.arch: 'amd64', os.version: '10.0', java.version: '1.8.0_291'
Driver info: driver.version: unknown

Scenario: SLI pagination & mouse Hover test with login  Time elapsed: 0.001 s  <<< ERROR!
org.openqa.selenium.TimeoutException: Expected condition failed: waiting for element to be clickable: By.xpath: //div[@data-direct-url='https://www.slideteam.net/programme-organization-assessment-training-programme-evaluation-information-system.html'] (tried for 30 second(s) with 500 milliseconds interval)
Caused by: org.openqa.selenium.NoSuchElementException: 
Cannot locate an element using By.xpath: //div[@data-direct-url='https://www.slideteam.net/programme-organization-assessment-training-programme-evaluation-information-system.html']
For documentation on this error, please visit: http://seleniumhq.org/exceptions/no_such_element.html
Build info: version: '3.12.0', revision: '7c6e0b3', time: '2018-05-08T14:04:26.12Z'
System info: host: 'SLIDEQA2', ip: '192.168.1.7', os.name: 'Windows 10', os.arch: 'amd64', os.version: '10.0', java.version: '1.8.0_291'
Driver info: driver.version: unknown

